<?xml version="1.0" encoding="UTF-8"?>
<testsuite name="otus.study.cashmachine.bank.service.AccountServiceTest" tests="7" skipped="0" failures="0" errors="0" timestamp="2023-09-28T17:47:27" hostname="DESKTOP-PS2UBUG" time="1.82">
  <properties/>
  <testcase name="addSum()" classname="otus.study.cashmachine.bank.service.AccountServiceTest" time="1.763"/>
  <testcase name="getSumException()" classname="otus.study.cashmachine.bank.service.AccountServiceTest" time="0.007"/>
  <testcase name="getSum()" classname="otus.study.cashmachine.bank.service.AccountServiceTest" time="0.003"/>
  <testcase name="checkBalance()" classname="otus.study.cashmachine.bank.service.AccountServiceTest" time="0.003"/>
  <testcase name="getAccount()" classname="otus.study.cashmachine.bank.service.AccountServiceTest" time="0.003"/>
  <testcase name="createAccountCaptor()" classname="otus.study.cashmachine.bank.service.AccountServiceTest" time="0.003"/>
  <testcase name="createAccountMock()" classname="otus.study.cashmachine.bank.service.AccountServiceTest" time="0.031"/>
  <system-out><![CDATA[]]></system-out>
  <system-err><![CDATA[]]></system-err>
</testsuite>
